<?xml version="1.0" encoding="UTF-8"?>
<!-- Generated by org.testng.reporters.JUnitReportReporter -->
<testsuite hostname="LAPTOP-4F71EG1K" failures="0" tests="1" name="com.orangehrm_runner.login" time="18.048" errors="0" timestamp="2024-01-05T13:51:51 IST" skipped="0">
  <testcase classname="com.orangehrm_runner.login" name="login" time="18.048"/>
  <system-out/>
</testsuite> <!-- com.orangehrm_runner.login -->
